[0225/205917.936:INFO:ddg\webview\webview_embedded\com\com_cef_view_environment.cc:230] Created environment, environments size: 1
[0225/205919.012:INFO:ddg\webview\webview_embedded\com\com_cef_view_environment.cc:230] Created environment, environments size: 2
[0225/205926.687:INFO:ddg\webview\webview_embedded\com\com_cef_view_controller.cc:273] [DPI-DBG] ComCefViewController::UpdateControllerVisibility: env=Env: 1  h=2 browser_hwnd=0x0x2c0b2a parent_hwnd=0x0x730b0c IsIconic=0 visibility=0 pre_hidden_prior=2
[0225/205926.687:INFO:ddg\webview\webview_embedded\com\com_cef_view_controller.cc:77] [DPI-DBG] ComCefViewController::put_WebContentVisibility: env=Env: 1  h=2 browser_hwnd=0x0x2c0b2a parent_hwnd=0x0x730b0c visibility=2 pre_hidden_prior=2
[0225/205927.855:INFO:ddg\webview\webview_embedded\com\com_cef_view_controller.cc:273] [DPI-DBG] ComCefViewController::UpdateControllerVisibility: env=Env: 2  h=1 browser_hwnd=0x0x3c0742 parent_hwnd=0x0x160cfc IsIconic=0 visibility=0 pre_hidden_prior=2
[0225/205927.855:INFO:ddg\webview\webview_embedded\com\com_cef_view_controller.cc:77] [DPI-DBG] ComCefViewController::put_WebContentVisibility: env=Env: 2  h=1 browser_hwnd=0x0x3c0742 parent_hwnd=0x0x160cfc visibility=2 pre_hidden_prior=2
[0225/205928.054:INFO:ddg\webview\webview_embedded\com\com_cef_view_controller.cc:77] [DPI-DBG] ComCefViewController::put_WebContentVisibility: env=Env: 2  h=1 browser_hwnd=0x0x3c0742 parent_hwnd=0x0x160cfc visibility=1 pre_hidden_prior=2
[0225/205933.679:INFO:ddg\webview\webview_embedded\com\com_cef_view_controller.cc:273] [DPI-DBG] ComCefViewController::UpdateControllerVisibility: env=Env: 2  h=2 browser_hwnd=0x0x620aba parent_hwnd=0x0x1d01de IsIconic=0 visibility=0 pre_hidden_prior=2
[0225/205933.679:INFO:ddg\webview\webview_embedded\com\com_cef_view_controller.cc:77] [DPI-DBG] ComCefViewController::put_WebContentVisibility: env=Env: 2  h=2 browser_hwnd=0x0x620aba parent_hwnd=0x0x1d01de visibility=2 pre_hidden_prior=2
[0225/205943.057:INFO:ddg\webview\webview_embedded\com\com_cef_view_controller.cc:273] [DPI-DBG] ComCefViewController::UpdateControllerVisibility: env=Env: 2  h=3 browser_hwnd=0x0x461262 parent_hwnd=0x0x2f156e IsIconic=0 visibility=0 pre_hidden_prior=2
[0225/205943.058:INFO:ddg\webview\webview_embedded\com\com_cef_view_controller.cc:77] [DPI-DBG] ComCefViewController::put_WebContentVisibility: env=Env: 2  h=3 browser_hwnd=0x0x461262 parent_hwnd=0x0x2f156e visibility=2 pre_hidden_prior=2
[0225/205948.050:INFO:ddg\webview\webview_embedded\com\com_cef_view_controller.cc:273] [DPI-DBG] ComCefViewController::UpdateControllerVisibility: env=Env: 2  h=4 browser_hwnd=0x0x6f14a2 parent_hwnd=0x0x4b1538 IsIconic=0 visibility=0 pre_hidden_prior=2
[0225/205948.050:INFO:ddg\webview\webview_embedded\com\com_cef_view_controller.cc:77] [DPI-DBG] ComCefViewController::put_WebContentVisibility: env=Env: 2  h=4 browser_hwnd=0x0x6f14a2 parent_hwnd=0x0x4b1538 visibility=2 pre_hidden_prior=2
[0225/211149.243:INFO:ddg\webview\webview_embedded\com\com_cef_view_controller.cc:77] [DPI-DBG] ComCefViewController::put_WebContentVisibility: env=Env: 1  h=2 browser_hwnd=0x0x2c0b2a parent_hwnd=0x0x730b0c visibility=1 pre_hidden_prior=2
[0225/211149.626:INFO:ddg\webview\webview_embedded\com\com_cef_view_controller.cc:273] [DPI-DBG] ComCefViewController::UpdateControllerVisibility: env=Env: 1  h=3 browser_hwnd=0x0x10107c parent_hwnd=0x0x3f100e IsIconic=0 visibility=0 pre_hidden_prior=2
[0225/211149.626:INFO:ddg\webview\webview_embedded\com\com_cef_view_controller.cc:77] [DPI-DBG] ComCefViewController::put_WebContentVisibility: env=Env: 1  h=3 browser_hwnd=0x0x10107c parent_hwnd=0x0x3f100e visibility=2 pre_hidden_prior=2
[0225/211154.987:INFO:ddg\webview\webview_embedded\com\com_cef_view_controller.cc:77] [DPI-DBG] ComCefViewController::put_WebContentVisibility: env=Env: 1  h=2 browser_hwnd=0x0x2c0b2a parent_hwnd=0x0x730b0c visibility=2 pre_hidden_prior=1
[0225/211154.987:INFO:ddg\webview\webview_embedded\com\com_cef_view_controller.cc:77] [DPI-DBG] ComCefViewController::put_WebContentVisibility: env=Env: 1  h=3 browser_hwnd=0x0x10107c parent_hwnd=0x0x3f100e visibility=1 pre_hidden_prior=2
[0225/211156.832:INFO:ddg\webview\webview_embedded\com\com_cef_view_controller.cc:77] [DPI-DBG] ComCefViewController::put_WebContentVisibility: env=Env: 1  h=3 browser_hwnd=0x0x10107c parent_hwnd=0x0x3f100e visibility=2 pre_hidden_prior=1
[0225/211200.012:INFO:ddg\webview\webview_embedded\com\com_cef_view_controller.cc:273] [DPI-DBG] ComCefViewController::UpdateControllerVisibility: env=Env: 2  h=5 browser_hwnd=0x0xd0f00 parent_hwnd=0x0xc0eea IsIconic=0 visibility=0 pre_hidden_prior=2
[0225/211200.012:INFO:ddg\webview\webview_embedded\com\com_cef_view_controller.cc:77] [DPI-DBG] ComCefViewController::put_WebContentVisibility: env=Env: 2  h=5 browser_hwnd=0x0xd0f00 parent_hwnd=0x0xc0eea visibility=2 pre_hidden_prior=2
[0225/211209.174:INFO:ddg\webview\webview_embedded\com\com_cef_view_controller.cc:273] [DPI-DBG] ComCefViewController::UpdateControllerVisibility: env=Env: 2  h=6 browser_hwnd=0x0x4c0efc parent_hwnd=0x0x990824 IsIconic=0 visibility=0 pre_hidden_prior=2
[0225/211209.174:INFO:ddg\webview\webview_embedded\com\com_cef_view_controller.cc:77] [DPI-DBG] ComCefViewController::put_WebContentVisibility: env=Env: 2  h=6 browser_hwnd=0x0x4c0efc parent_hwnd=0x0x990824 visibility=2 pre_hidden_prior=2
[0225/211212.947:INFO:ddg\webview\webview_embedded\com\com_cef_view_controller.cc:273] [DPI-DBG] ComCefViewController::UpdateControllerVisibility: env=Env: 2  h=7 browser_hwnd=0x0x760b0c parent_hwnd=0x0x9a0824 IsIconic=0 visibility=0 pre_hidden_prior=2
[0225/211212.947:INFO:ddg\webview\webview_embedded\com\com_cef_view_controller.cc:77] [DPI-DBG] ComCefViewController::put_WebContentVisibility: env=Env: 2  h=7 browser_hwnd=0x0x760b0c parent_hwnd=0x0x9a0824 visibility=2 pre_hidden_prior=2
[0225/211632.812:INFO:ddg\webview\webview_embedded\com\com_cef_view_controller.cc:77] [DPI-DBG] ComCefViewController::put_WebContentVisibility: env=Env: 1  h=3 browser_hwnd=0x0x10107c parent_hwnd=0x0x3f100e visibility=0 pre_hidden_prior=2
[0226/011144.311:INFO:ddg\webview\webview_embedded\com\com_cef_view_controller.cc:77] [DPI-DBG] ComCefViewController::put_WebContentVisibility: env=Env: 1  h=3 browser_hwnd=0x0x10107c parent_hwnd=0x0x3f100e visibility=1 pre_hidden_prior=2
[0226/011145.418:INFO:ddg\webview\webview_embedded\com\com_cef_view_controller.cc:273] [DPI-DBG] ComCefViewController::UpdateControllerVisibility: env=Env: 1  h=4 browser_hwnd=0x0x150caa parent_hwnd=0x0x8b145e IsIconic=0 visibility=0 pre_hidden_prior=2
[0226/011145.418:INFO:ddg\webview\webview_embedded\com\com_cef_view_controller.cc:77] [DPI-DBG] ComCefViewController::put_WebContentVisibility: env=Env: 1  h=4 browser_hwnd=0x0x150caa parent_hwnd=0x0x8b145e visibility=2 pre_hidden_prior=2
[0226/011145.627:INFO:ddg\webview\webview_embedded\com\com_cef_view_controller.cc:77] [DPI-DBG] ComCefViewController::put_WebContentVisibility: env=Env: 1  h=4 browser_hwnd=0x0x150caa parent_hwnd=0x0x8b145e visibility=2 pre_hidden_prior=2
[0226/011147.126:INFO:ddg\webview\webview_embedded\com\com_cef_view_controller.cc:77] [DPI-DBG] ComCefViewController::put_WebContentVisibility: env=Env: 1  h=3 browser_hwnd=0x0x10107c parent_hwnd=0x0x3f100e visibility=2 pre_hidden_prior=1
[0226/011147.126:INFO:ddg\webview\webview_embedded\com\com_cef_view_controller.cc:77] [DPI-DBG] ComCefViewController::put_WebContentVisibility: env=Env: 1  h=4 browser_hwnd=0x0x150caa parent_hwnd=0x0x8b145e visibility=1 pre_hidden_prior=2
[0226/011148.480:INFO:ddg\webview\webview_embedded\com\com_cef_view_controller.cc:77] [DPI-DBG] ComCefViewController::put_WebContentVisibility: env=Env: 1  h=4 browser_hwnd=0x0x150caa parent_hwnd=0x0x8b145e visibility=2 pre_hidden_prior=1
[0226/011204.579:INFO:ddg\webview\webview_embedded\com\com_cef_view_controller.cc:273] [DPI-DBG] ComCefViewController::UpdateControllerVisibility: env=Env: 2  h=8 browser_hwnd=0x0x381554 parent_hwnd=0x0x511538 IsIconic=0 visibility=0 pre_hidden_prior=2
[0226/011204.579:INFO:ddg\webview\webview_embedded\com\com_cef_view_controller.cc:77] [DPI-DBG] ComCefViewController::put_WebContentVisibility: env=Env: 2  h=8 browser_hwnd=0x0x381554 parent_hwnd=0x0x511538 visibility=2 pre_hidden_prior=2
[0226/011218.135:INFO:ddg\webview\webview_embedded\com\com_cef_view_controller.cc:273] [DPI-DBG] ComCefViewController::UpdateControllerVisibility: env=Env: 2  h=9 browser_hwnd=0x0x521538 parent_hwnd=0x0x3a1554 IsIconic=0 visibility=0 pre_hidden_prior=2
[0226/011218.135:INFO:ddg\webview\webview_embedded\com\com_cef_view_controller.cc:77] [DPI-DBG] ComCefViewController::put_WebContentVisibility: env=Env: 2  h=9 browser_hwnd=0x0x521538 parent_hwnd=0x0x3a1554 visibility=2 pre_hidden_prior=2
[0226/011230.376:INFO:ddg\webview\webview_embedded\com\com_cef_view_controller.cc:273] [DPI-DBG] ComCefViewController::UpdateControllerVisibility: env=Env: 2  h=10 browser_hwnd=0x0x4b1496 parent_hwnd=0x0x6d112e IsIconic=0 visibility=0 pre_hidden_prior=2
[0226/011230.376:INFO:ddg\webview\webview_embedded\com\com_cef_view_controller.cc:77] [DPI-DBG] ComCefViewController::put_WebContentVisibility: env=Env: 2  h=10 browser_hwnd=0x0x4b1496 parent_hwnd=0x0x6d112e visibility=2 pre_hidden_prior=2
[0226/011704.416:WARNING:ddg\webview\common\ipc\channel.cc:220] Channel disconnected
[0226/011704.416:WARNING:ddg\webview\webview_embedded\browser_instance.cc:253] Env: 2 BrowserInstance: channel error: Disconnected
[0226/012449.038:INFO:ddg\webview\webview_embedded\com\com_cef_view_controller.cc:273] [DPI-DBG] ComCefViewController::UpdateControllerVisibility: env=Env: 1  h=5 browser_hwnd=0x0x191012 parent_hwnd=0x0x8a0cde IsIconic=0 visibility=0 pre_hidden_prior=2
[0226/012449.038:INFO:ddg\webview\webview_embedded\com\com_cef_view_controller.cc:77] [DPI-DBG] ComCefViewController::put_WebContentVisibility: env=Env: 1  h=5 browser_hwnd=0x0x191012 parent_hwnd=0x0x8a0cde visibility=2 pre_hidden_prior=2
[0226/012450.252:INFO:ddg\webview\webview_embedded\com\com_cef_view_controller.cc:273] [DPI-DBG] ComCefViewController::UpdateControllerVisibility: env=Env: 2  h=1 browser_hwnd=0x0x811262 parent_hwnd=0x0x4e0f12 IsIconic=0 visibility=0 pre_hidden_prior=2
[0226/012450.252:INFO:ddg\webview\webview_embedded\com\com_cef_view_controller.cc:77] [DPI-DBG] ComCefViewController::put_WebContentVisibility: env=Env: 2  h=1 browser_hwnd=0x0x811262 parent_hwnd=0x0x4e0f12 visibility=2 pre_hidden_prior=2
[0226/012450.384:INFO:ddg\webview\webview_embedded\com\com_cef_view_controller.cc:77] [DPI-DBG] ComCefViewController::put_WebContentVisibility: env=Env: 2  h=1 browser_hwnd=0x0x811262 parent_hwnd=0x0x4e0f12 visibility=1 pre_hidden_prior=2
[0226/012547.352:INFO:ddg\webview\webview_embedded\com\com_cef_view_controller.cc:273] [DPI-DBG] ComCefViewController::UpdateControllerVisibility: env=Env: 2  h=2 browser_hwnd=0x0x560c3e parent_hwnd=0x0x34151c IsIconic=0 visibility=0 pre_hidden_prior=2
[0226/012547.352:INFO:ddg\webview\webview_embedded\com\com_cef_view_controller.cc:77] [DPI-DBG] ComCefViewController::put_WebContentVisibility: env=Env: 2  h=2 browser_hwnd=0x0x560c3e parent_hwnd=0x0x34151c visibility=2 pre_hidden_prior=2
[0226/012557.014:INFO:ddg\webview\webview_embedded\com\com_cef_view_controller.cc:273] [DPI-DBG] ComCefViewController::UpdateControllerVisibility: env=Env: 2  h=3 browser_hwnd=0x0x70112e parent_hwnd=0x0x5e0f1a IsIconic=0 visibility=0 pre_hidden_prior=2
[0226/012557.014:INFO:ddg\webview\webview_embedded\com\com_cef_view_controller.cc:77] [DPI-DBG] ComCefViewController::put_WebContentVisibility: env=Env: 2  h=3 browser_hwnd=0x0x70112e parent_hwnd=0x0x5e0f1a visibility=2 pre_hidden_prior=2
[0226/012606.882:INFO:ddg\webview\webview_embedded\com\com_cef_view_controller.cc:273] [DPI-DBG] ComCefViewController::UpdateControllerVisibility: env=Env: 2  h=4 browser_hwnd=0x0x280a28 parent_hwnd=0x0x260cb0 IsIconic=0 visibility=0 pre_hidden_prior=2
[0226/012606.882:INFO:ddg\webview\webview_embedded\com\com_cef_view_controller.cc:77] [DPI-DBG] ComCefViewController::put_WebContentVisibility: env=Env: 2  h=4 browser_hwnd=0x0x280a28 parent_hwnd=0x0x260cb0 visibility=2 pre_hidden_prior=2
[0226/012618.849:INFO:ddg\webview\webview_embedded\com\com_cef_view_controller.cc:273] [DPI-DBG] ComCefViewController::UpdateControllerVisibility: env=Env: 2  h=5 browser_hwnd=0x0x37151c parent_hwnd=0x0x270cb0 IsIconic=0 visibility=0 pre_hidden_prior=2
[0226/012618.849:INFO:ddg\webview\webview_embedded\com\com_cef_view_controller.cc:77] [DPI-DBG] ComCefViewController::put_WebContentVisibility: env=Env: 2  h=5 browser_hwnd=0x0x37151c parent_hwnd=0x0x270cb0 visibility=2 pre_hidden_prior=2
[0226/013739.578:INFO:ddg\webview\webview_embedded\com\com_cef_view_controller.cc:77] [DPI-DBG] ComCefViewController::put_WebContentVisibility: env=Env: 1  h=5 browser_hwnd=0x0x191012 parent_hwnd=0x0x8a0cde visibility=1 pre_hidden_prior=2
[0226/013740.022:INFO:ddg\webview\webview_embedded\com\com_cef_view_controller.cc:273] [DPI-DBG] ComCefViewController::UpdateControllerVisibility: env=Env: 1  h=6 browser_hwnd=0x0x830c3e parent_hwnd=0x0xa5112e IsIconic=0 visibility=0 pre_hidden_prior=2
[0226/013740.022:INFO:ddg\webview\webview_embedded\com\com_cef_view_controller.cc:77] [DPI-DBG] ComCefViewController::put_WebContentVisibility: env=Env: 1  h=6 browser_hwnd=0x0x830c3e parent_hwnd=0x0xa5112e visibility=2 pre_hidden_prior=2
[0226/013806.860:INFO:ddg\webview\webview_embedded\com\com_cef_view_controller.cc:77] [DPI-DBG] ComCefViewController::put_WebContentVisibility: env=Env: 1  h=5 browser_hwnd=0x0x191012 parent_hwnd=0x0x8a0cde visibility=2 pre_hidden_prior=1
[0226/013806.862:INFO:ddg\webview\webview_embedded\com\com_cef_view_controller.cc:77] [DPI-DBG] ComCefViewController::put_WebContentVisibility: env=Env: 1  h=6 browser_hwnd=0x0x830c3e parent_hwnd=0x0xa5112e visibility=1 pre_hidden_prior=2
[0226/013808.327:INFO:ddg\webview\webview_embedded\com\com_cef_view_controller.cc:77] [DPI-DBG] ComCefViewController::put_WebContentVisibility: env=Env: 1  h=6 browser_hwnd=0x0x830c3e parent_hwnd=0x0xa5112e visibility=2 pre_hidden_prior=1
[0226/013930.936:INFO:ddg\webview\webview_embedded\com\com_cef_view_controller.cc:273] [DPI-DBG] ComCefViewController::UpdateControllerVisibility: env=Env: 2  h=6 browser_hwnd=0x0x1c0212 parent_hwnd=0x0x3614d2 IsIconic=0 visibility=0 pre_hidden_prior=2
[0226/013930.936:INFO:ddg\webview\webview_embedded\com\com_cef_view_controller.cc:77] [DPI-DBG] ComCefViewController::put_WebContentVisibility: env=Env: 2  h=6 browser_hwnd=0x0x1c0212 parent_hwnd=0x0x3614d2 visibility=2 pre_hidden_prior=2
[0226/013942.102:INFO:ddg\webview\webview_embedded\com\com_cef_view_controller.cc:273] [DPI-DBG] ComCefViewController::UpdateControllerVisibility: env=Env: 2  h=7 browser_hwnd=0x0x480ff4 parent_hwnd=0x0x7114ac IsIconic=0 visibility=0 pre_hidden_prior=2
[0226/013942.102:INFO:ddg\webview\webview_embedded\com\com_cef_view_controller.cc:77] [DPI-DBG] ComCefViewController::put_WebContentVisibility: env=Env: 2  h=7 browser_hwnd=0x0x480ff4 parent_hwnd=0x0x7114ac visibility=2 pre_hidden_prior=2
[0226/014229.514:ERROR:ddg\webview\webview_embedded\ipc\ipc_client.cc:731] Env: 1 RPCViewHandler view is null for handle: 7
[0226/014233.514:ERROR:ddg\webview\webview_embedded\ipc\ipc_client.cc:731] Env: 1 RPCViewHandler view is null for handle: 7
[0226/014256.337:ERROR:ddg\webview\webview_embedded\ipc\ipc_client.cc:731] Env: 1 RPCViewHandler view is null for handle: 7
[0226/014257.255:ERROR:ddg\webview\webview_embedded\ipc\ipc_client.cc:731] Env: 1 RPCViewHandler view is null for handle: 7
[0226/014259.000:ERROR:ddg\webview\webview_embedded\ipc\ipc_client.cc:731] Env: 1 RPCViewHandler view is null for handle: 7
[0226/014301.000:ERROR:ddg\webview\webview_embedded\ipc\ipc_client.cc:731] Env: 1 RPCViewHandler view is null for handle: 7
[0226/014844.859:INFO:ddg\webview\webview_embedded\com\com_cef_view_controller.cc:77] [DPI-DBG] ComCefViewController::put_WebContentVisibility: env=Env: 1  h=6 browser_hwnd=0x0x830c3e parent_hwnd=0x0xa5112e visibility=1 pre_hidden_prior=2
[0226/014858.688:INFO:ddg\webview\webview_embedded\com\com_cef_view_controller.cc:77] [DPI-DBG] ComCefViewController::put_WebContentVisibility: env=Env: 1  h=6 browser_hwnd=0x0x830c3e parent_hwnd=0x0xa5112e visibility=2 pre_hidden_prior=1
[0226/014912.158:INFO:ddg\webview\webview_embedded\com\com_cef_view_controller.cc:77] [DPI-DBG] ComCefViewController::put_WebContentVisibility: env=Env: 1  h=6 browser_hwnd=0x0x830c3e parent_hwnd=0x0xa5112e visibility=1 pre_hidden_prior=2
[0226/014914.376:INFO:ddg\webview\webview_embedded\com\com_cef_view_controller.cc:273] [DPI-DBG] ComCefViewController::UpdateControllerVisibility: env=Env: 2  h=8 browser_hwnd=0x0x3912a2 parent_hwnd=0x0x691332 IsIconic=0 visibility=0 pre_hidden_prior=2
[0226/014914.376:INFO:ddg\webview\webview_embedded\com\com_cef_view_controller.cc:77] [DPI-DBG] ComCefViewController::put_WebContentVisibility: env=Env: 2  h=8 browser_hwnd=0x0x3912a2 parent_hwnd=0x0x691332 visibility=2 pre_hidden_prior=2
[0226/015023.492:INFO:ddg\webview\webview_embedded\com\com_cef_view_controller.cc:77] [DPI-DBG] ComCefViewController::put_WebContentVisibility: env=Env: 2  h=8 browser_hwnd=0x0x3912a2 parent_hwnd=0x0x691332 visibility=1 pre_hidden_prior=2
[0226/015039.938:INFO:ddg\webview\webview_embedded\com\com_cef_view_controller.cc:273] [DPI-DBG] ComCefViewController::UpdateControllerVisibility: env=Env: 1  h=8 browser_hwnd=0x0x320212 parent_hwnd=0x0xad0cde IsIconic=0 visibility=0 pre_hidden_prior=2
[0226/015039.938:INFO:ddg\webview\webview_embedded\com\com_cef_view_controller.cc:77] [DPI-DBG] ComCefViewController::put_WebContentVisibility: env=Env: 1  h=8 browser_hwnd=0x0x320212 parent_hwnd=0x0xad0cde visibility=2 pre_hidden_prior=2
[0226/015045.738:INFO:ddg\webview\webview_embedded\com\com_cef_view_controller.cc:77] [DPI-DBG] ComCefViewController::put_WebContentVisibility: env=Env: 2  h=8 browser_hwnd=0x0x3912a2 parent_hwnd=0x0x691332 visibility=2 pre_hidden_prior=1
[0226/015100.961:INFO:ddg\webview\webview_embedded\com\com_cef_view_controller.cc:77] [DPI-DBG] ComCefViewController::put_WebContentVisibility: env=Env: 2  h=8 browser_hwnd=0x0x3912a2 parent_hwnd=0x0x691332 visibility=1 pre_hidden_prior=2
[0226/015101.252:INFO:ddg\webview\webview_embedded\com\com_cef_view_controller.cc:273] [DPI-DBG] ComCefViewController::UpdateControllerVisibility: env=Env: 1  h=9 browser_hwnd=0x0x3c1532 parent_hwnd=0x0x4f12b4 IsIconic=0 visibility=0 pre_hidden_prior=2
[0226/015101.252:INFO:ddg\webview\webview_embedded\com\com_cef_view_controller.cc:77] [DPI-DBG] ComCefViewController::put_WebContentVisibility: env=Env: 1  h=9 browser_hwnd=0x0x3c1532 parent_hwnd=0x0x4f12b4 visibility=2 pre_hidden_prior=2
[0226/015219.434:INFO:ddg\webview\webview_embedded\com\com_cef_view_controller.cc:77] [DPI-DBG] ComCefViewController::put_WebContentVisibility: env=Env: 1  h=9 browser_hwnd=0x0x3c1532 parent_hwnd=0x0x4f12b4 visibility=1 pre_hidden_prior=2
[0226/015219.434:INFO:ddg\webview\webview_embedded\com\com_cef_view_controller.cc:77] [DPI-DBG] ComCefViewController::put_WebContentVisibility: env=Env: 2  h=8 browser_hwnd=0x0x3912a2 parent_hwnd=0x0x691332 visibility=2 pre_hidden_prior=1
[0226/015222.609:INFO:ddg\webview\webview_embedded\com\com_cef_view_controller.cc:77] [DPI-DBG] ComCefViewController::put_WebContentVisibility: env=Env: 2  h=8 browser_hwnd=0x0x3912a2 parent_hwnd=0x0x691332 visibility=1 pre_hidden_prior=2
[0226/015229.606:INFO:ddg\webview\webview_embedded\com\com_cef_view_controller.cc:77] [DPI-DBG] ComCefViewController::put_WebContentVisibility: env=Env: 1  h=6 browser_hwnd=0x0x830c3e parent_hwnd=0x0xa5112e visibility=2 pre_hidden_prior=1
[0226/015236.912:INFO:ddg\webview\webview_embedded\com\com_cef_view_controller.cc:77] [DPI-DBG] ComCefViewController::put_WebContentVisibility: env=Env: 1  h=9 browser_hwnd=0x0x3c1532 parent_hwnd=0x0x4f12b4 visibility=2 pre_hidden_prior=1
[0226/015236.912:INFO:ddg\webview\webview_embedded\com\com_cef_view_controller.cc:77] [DPI-DBG] ComCefViewController::put_WebContentVisibility: env=Env: 1  h=6 browser_hwnd=0x0x830c3e parent_hwnd=0x0xa5112e visibility=1 pre_hidden_prior=2
[0226/015237.605:INFO:ddg\webview\webview_embedded\com\com_cef_view_controller.cc:77] [DPI-DBG] ComCefViewController::put_WebContentVisibility: env=Env: 1  h=9 browser_hwnd=0x0x3c1532 parent_hwnd=0x0x4f12b4 visibility=1 pre_hidden_prior=2
[0226/015240.307:INFO:ddg\webview\webview_embedded\com\com_cef_view_controller.cc:77] [DPI-DBG] ComCefViewController::put_WebContentVisibility: env=Env: 1  h=9 browser_hwnd=0x0x3c1532 parent_hwnd=0x0x4f12b4 visibility=2 pre_hidden_prior=1
[0226/015241.744:INFO:ddg\webview\webview_embedded\com\com_cef_view_controller.cc:77] [DPI-DBG] ComCefViewController::put_WebContentVisibility: env=Env: 1  h=9 browser_hwnd=0x0x3c1532 parent_hwnd=0x0x4f12b4 visibility=1 pre_hidden_prior=2
[0226/015250.657:INFO:ddg\webview\webview_embedded\com\com_cef_view_controller.cc:77] [DPI-DBG] ComCefViewController::put_WebContentVisibility: env=Env: 2  h=8 browser_hwnd=0x0x3912a2 parent_hwnd=0x0x691332 visibility=2 pre_hidden_prior=1
[0226/015251.924:INFO:ddg\webview\webview_embedded\com\com_cef_view_controller.cc:77] [DPI-DBG] ComCefViewController::put_WebContentVisibility: env=Env: 1  h=6 browser_hwnd=0x0x830c3e parent_hwnd=0x0xa5112e visibility=2 pre_hidden_prior=1
[0226/015251.924:INFO:ddg\webview\webview_embedded\com\com_cef_view_controller.cc:77] [DPI-DBG] ComCefViewController::put_WebContentVisibility: env=Env: 2  h=8 browser_hwnd=0x0x3912a2 parent_hwnd=0x0x691332 visibility=1 pre_hidden_prior=2
[0226/015311.929:WARNING:ddg\webview\common\ipc\channel.cc:220] Channel disconnected
[0226/015311.929:WARNING:ddg\webview\webview_embedded\browser_instance.cc:253] Env: 2 BrowserInstance: channel error: Disconnected
